# JRE version: Java(TM) SE Runtime Environment (21.0.8+12) (build 21.0.8+12-LTS-250)
# Java VM: Java HotSpot(TM) 64-Bit Server VM (21.0.8+12-LTS-250, mixed mode, emulated-client, sharing, tiered, compressed oops, compressed class ptrs, g1 gc, windows-amd64)
GC Precious Log:
 CardTable entry size: 512
 Card Set container configuration: InlinePtr #cards 4 size 8 Array Of Cards #cards 16 size 48 Howl #buckets 8 coarsen threshold 3686 Howl Bitmap #cards 512 size 80 coarsen threshold 460 Card regions per heap region 1 cards per card region 4096
 CPUs: 16 total, 16 available
 Memory: 15591M
 Large Page Support: Disabled
 NUMA Support: Disabled
 Compressed Oops: Enabled (Zero based)
 Heap Region Size: 2M
 Heap Min Capacity: 8M
 Heap Initial Capacity: 244M
 Heap Max Capacity: 3898M
 Pre-touch: Disabled
 Parallel Workers: 13
 Concurrent Workers: 3
 Concurrent Refinement Workers: 13
 Periodic GC: Disabled
Heap:
 garbage-first heap   total 172032K, used 53080K [0x000000070c600000, 0x0000000800000000)
  region size 2048K, 3 young (6144K), 3 survivors (6144K)
 Metaspace       used 106568K, committed 107520K, reserved 1179648K
  class space    used 14874K, committed 15296K, reserved 1048576K
GC Heap History (20 events):
Event: 7445.857 GC heap after
{Heap after GC invocations=66 (full 4):
 garbage-first heap   total 157696K, used 54616K [0x000000070c600000, 0x0000000800000000)
  region size 2048K, 4 young (8192K), 4 survivors (8192K)
 Metaspace       used 102393K, committed 103552K, reserved 1179648K
  class space    used 14524K, committed 15040K, reserved 1048576K
}
Event: 7905.783 GC heap before
{Heap before GC invocations=66 (full 4):
 garbage-first heap   total 157696K, used 130392K [0x000000070c600000, 0x0000000800000000)
  region size 2048K, 41 young (83968K), 4 survivors (8192K)
 Metaspace       used 102393K, committed 103552K, reserved 1179648K
  class space    used 14524K, committed 15040K, reserved 1048576K
}
Event: 7905.788 GC heap after
{Heap after GC invocations=67 (full 4):
 garbage-first heap   total 157696K, used 51402K [0x000000070c600000, 0x0000000800000000)
  region size 2048K, 2 young (4096K), 2 survivors (4096K)
 Metaspace       used 102393K, committed 103552K, reserved 1179648K
  class space    used 14524K, committed 15040K, reserved 1048576K
}
Event: 8114.494 GC heap before
{Heap before GC invocations=67 (full 4):
 garbage-first heap   total 157696K, used 86218K [0x000000070c600000, 0x0000000800000000)
  region size 2048K, 20 young (40960K), 2 survivors (4096K)
 Metaspace       used 102399K, committed 103552K, reserved 1179648K
  class space    used 14525K, committed 15040K, reserved 1048576K
}
Event: 8114.558 GC heap after
{Heap after GC invocations=68 (full 5):
 garbage-first heap   total 157696K, used 40452K [0x000000070c600000, 0x0000000800000000)
  region size 2048K, 0 young (0K), 0 survivors (0K)
 Metaspace       used 102276K, committed 103552K, reserved 1179648K
  class space    used 14497K, committed 15040K, reserved 1048576K
}
Event: 8115.488 GC heap before
{Heap before GC invocations=68 (full 5):
 garbage-first heap   total 157696K, used 132612K [0x000000070c600000, 0x0000000800000000)
  region size 2048K, 46 young (94208K), 0 survivors (0K)
 Metaspace       used 103179K, committed 104128K, reserved 1179648K
  class space    used 14618K, committed 15040K, reserved 1048576K
}
Event: 8115.496 GC heap after
{Heap after GC invocations=69 (full 5):
 garbage-first heap   total 157696K, used 49106K [0x000000070c600000, 0x0000000800000000)
  region size 2048K, 5 young (10240K), 5 survivors (10240K)
 Metaspace       used 103179K, committed 104128K, reserved 1179648K
  class space    used 14618K, committed 15040K, reserved 1048576K
}
Event: 8116.542 GC heap before
{Heap before GC invocations=70 (full 5):
 garbage-first heap   total 157696K, used 128978K [0x000000070c600000, 0x0000000800000000)
  region size 2048K, 44 young (90112K), 5 survivors (10240K)
 Metaspace       used 104397K, committed 105408K, reserved 1179648K
  class space    used 14718K, committed 15168K, reserved 1048576K
}
Event: 8116.548 GC heap after
{Heap after GC invocations=71 (full 5):
 garbage-first heap   total 190464K, used 54136K [0x000000070c600000, 0x0000000800000000)
  region size 2048K, 3 young (6144K), 3 survivors (6144K)
 Metaspace       used 104397K, committed 105408K, reserved 1179648K
  class space    used 14718K, committed 15168K, reserved 1048576K
}
Event: 8118.173 GC heap before
{Heap before GC invocations=71 (full 5):
 garbage-first heap   total 190464K, used 82808K [0x000000070c600000, 0x0000000800000000)
  region size 2048K, 18 young (36864K), 3 survivors (6144K)
 Metaspace       used 104655K, committed 105728K, reserved 1179648K
  class space    used 14744K, committed 15232K, reserved 1048576K
}
Event: 8118.236 GC heap after
{Heap after GC invocations=72 (full 6):
 garbage-first heap   total 172032K, used 41923K [0x000000070c600000, 0x0000000800000000)
  region size 2048K, 0 young (0K), 0 survivors (0K)
 Metaspace       used 104390K, committed 105728K, reserved 1179648K
  class space    used 14683K, committed 15232K, reserved 1048576K
}
Event: 8119.518 GC heap before
{Heap before GC invocations=72 (full 6):
 garbage-first heap   total 172032K, used 144323K [0x000000070c600000, 0x0000000800000000)
  region size 2048K, 50 young (102400K), 0 survivors (0K)
 Metaspace       used 105293K, committed 106240K, reserved 1179648K
  class space    used 14778K, committed 15232K, reserved 1048576K
}
Event: 8119.524 GC heap after
{Heap after GC invocations=73 (full 6):
 garbage-first heap   total 172032K, used 50086K [0x000000070c600000, 0x0000000800000000)
  region size 2048K, 4 young (8192K), 4 survivors (8192K)
 Metaspace       used 105293K, committed 106240K, reserved 1179648K
  class space    used 14778K, committed 15232K, reserved 1048576K
}
Event: 8130.955 GC heap before
{Heap before GC invocations=74 (full 6):
 garbage-first heap   total 172032K, used 144294K [0x000000070c600000, 0x0000000800000000)
  region size 2048K, 50 young (102400K), 4 survivors (8192K)
 Metaspace       used 106510K, committed 107456K, reserved 1179648K
  class space    used 14867K, committed 15296K, reserved 1048576K
}
Event: 8130.959 GC heap after
{Heap after GC invocations=75 (full 6):
 garbage-first heap   total 172032K, used 52178K [0x000000070c600000, 0x0000000800000000)
  region size 2048K, 3 young (6144K), 3 survivors (6144K)
 Metaspace       used 106510K, committed 107456K, reserved 1179648K
  class space    used 14867K, committed 15296K, reserved 1048576K
}
Event: 8130.963 GC heap before
{Heap before GC invocations=75 (full 6):
 garbage-first heap   total 172032K, used 52178K [0x000000070c600000, 0x0000000800000000)
  region size 2048K, 4 young (8192K), 3 survivors (6144K)
 Metaspace       used 106513K, committed 107456K, reserved 1179648K
  class space    used 14867K, committed 15296K, reserved 1048576K
}
Event: 8131.024 GC heap after
{Heap after GC invocations=76 (full 7):
 garbage-first heap   total 172032K, used 42706K [0x000000070c600000, 0x0000000800000000)
  region size 2048K, 0 young (0K), 0 survivors (0K)
 Metaspace       used 104444K, committed 106624K, reserved 1179648K
  class space    used 14696K, committed 15296K, reserved 1048576K
}
Event: 8132.534 GC heap before
{Heap before GC invocations=76 (full 7):
 garbage-first heap   total 172032K, used 145106K [0x000000070c600000, 0x0000000800000000)
  region size 2048K, 50 young (102400K), 0 survivors (0K)
 Metaspace       used 105344K, committed 106624K, reserved 1179648K
  class space    used 14783K, committed 15296K, reserved 1048576K
}
Event: 8132.541 GC heap after
{Heap after GC invocations=77 (full 7):
 garbage-first heap   total 172032K, used 50707K [0x000000070c600000, 0x0000000800000000)
  region size 2048K, 4 young (8192K), 4 survivors (8192K)
 Metaspace       used 105344K, committed 106624K, reserved 1179648K
  class space    used 14783K, committed 15296K, reserved 1048576K
}
Event: 8135.248 GC heap before
{Heap before GC invocations=78 (full 7):
 garbage-first heap   total 172032K, used 144915K [0x000000070c600000, 0x0000000800000000)
  region size 2048K, 50 young (102400K), 4 survivors (8192K)
 Metaspace       used 106568K, committed 107520K, reserved 1179648K
  class space    used 14874K, committed 15296K, reserved 1048576K
}

